2024-01-08 13:05:37,273 INFO o.a.j.u.JMeterUtils: Setting Locale to zh_CN
2024-01-08 13:05:37,334 INFO o.a.j.JMeter: Loading user properties from: user.properties
2024-01-08 13:05:37,334 INFO o.a.j.JMeter: Loading system properties from: system.properties
2024-01-08 13:05:37,338 INFO o.a.j.JMeter: Copyright (c) 1998-2023 The Apache Software Foundation
2024-01-08 13:05:37,338 INFO o.a.j.JMeter: Version 5.6
2024-01-08 13:05:37,338 INFO o.a.j.JMeter: java.version=1.8.0_312
2024-01-08 13:05:37,338 INFO o.a.j.JMeter: java.vm.name=OpenJDK 64-Bit Server VM
2024-01-08 13:05:37,338 INFO o.a.j.JMeter: os.name=Mac OS X
2024-01-08 13:05:37,338 INFO o.a.j.JMeter: os.arch=aarch64
2024-01-08 13:05:37,338 INFO o.a.j.JMeter: os.version=12.6
2024-01-08 13:05:37,338 INFO o.a.j.JMeter: file.encoding=UTF-8
2024-01-08 13:05:37,338 INFO o.a.j.JMeter: java.awt.headless=null
2024-01-08 13:05:37,338 INFO o.a.j.JMeter: Max memory     =3817865216
2024-01-08 13:05:37,338 INFO o.a.j.JMeter: Available Processors =8
2024-01-08 13:05:37,343 INFO o.a.j.JMeter: Default Locale=中文 (中国)
2024-01-08 13:05:37,343 INFO o.a.j.JMeter: JMeter  Locale=中文 (中国)
2024-01-08 13:05:37,343 INFO o.a.j.JMeter: JMeterHome=/Users/sunjifeng/Desktop/Space/apache-jmeter-5.6
2024-01-08 13:05:37,343 INFO o.a.j.JMeter: user.dir  =/Users/sunjifeng/Desktop/Space/apache-jmeter-5.6/bin
2024-01-08 13:05:37,343 INFO o.a.j.JMeter: PWD       =/Users/sunjifeng/Desktop/Space/apache-jmeter-5.6/bin
2024-01-08 13:05:37,389 INFO o.a.j.JMeter: IP: 192.168.8.2 Name: mbp FullName: mbp
2024-01-08 13:05:37,401 INFO o.a.j.JMeter: Loaded icon properties from org/apache/jmeter/images/icon.properties
2024-01-08 13:05:37,717 INFO o.a.j.JMeterGuiLauncher: Setting LAF to: com.github.weisj.darklaf.DarkLaf:com.github.weisj.darklaf.theme.DarculaTheme
2024-01-08 13:05:44,181 INFO o.a.j.s.FileServer: Default base='/Users/sunjifeng/Desktop/Space/apache-jmeter-5.6/bin'
2024-01-08 13:05:45,330 INFO o.a.j.g.a.t.TemplateManager: Reading templates from: /Users/sunjifeng/Desktop/Space/apache-jmeter-5.6/bin/templates/templates.xml
2024-01-08 13:05:54,487 INFO o.a.j.g.a.Load: Loading file: /Users/sunjifeng/Desktop/Space/apache-jmeter-5.6/bin/hiPost.jmx
2024-01-08 13:05:54,487 INFO o.a.j.s.FileServer: Set new base='/Users/sunjifeng/Desktop/Space/apache-jmeter-5.6/bin'
2024-01-08 13:05:54,562 INFO o.a.j.s.SaveService: Testplan (JMX) version: 2.2. Testlog (JTL) version: 2.2
2024-01-08 13:05:54,570 INFO o.a.j.s.SaveService: Using SaveService properties file encoding UTF-8
2024-01-08 13:05:54,571 INFO o.a.j.s.SaveService: Using SaveService properties version 5.0
2024-01-08 13:05:54,572 INFO o.a.j.s.SaveService: Loading file: /Users/sunjifeng/Desktop/Space/apache-jmeter-5.6/bin/hiPost.jmx
2024-01-08 13:05:54,591 INFO o.a.j.p.h.s.HTTPSamplerBase: Parser for text/html is org.apache.jmeter.protocol.http.parser.LagartoBasedHtmlParser
2024-01-08 13:05:54,591 INFO o.a.j.p.h.s.HTTPSamplerBase: Parser for application/xhtml+xml is org.apache.jmeter.protocol.http.parser.LagartoBasedHtmlParser
2024-01-08 13:05:54,591 INFO o.a.j.p.h.s.HTTPSamplerBase: Parser for application/xml is org.apache.jmeter.protocol.http.parser.LagartoBasedHtmlParser
2024-01-08 13:05:54,591 INFO o.a.j.p.h.s.HTTPSamplerBase: Parser for text/xml is org.apache.jmeter.protocol.http.parser.LagartoBasedHtmlParser
2024-01-08 13:05:54,591 INFO o.a.j.p.h.s.HTTPSamplerBase: Parser for text/vnd.wap.wml is org.apache.jmeter.protocol.http.parser.RegexpHTMLParser
2024-01-08 13:05:54,592 INFO o.a.j.p.h.s.HTTPSamplerBase: Parser for text/css is org.apache.jmeter.protocol.http.parser.CssParser
2024-01-08 13:05:54,667 INFO o.a.j.s.SampleResult: Note: Sample TimeStamps are START times
2024-01-08 13:05:54,668 INFO o.a.j.s.SampleResult: sampleresult.default.encoding is set to ISO-8859-1
2024-01-08 13:05:54,668 INFO o.a.j.s.SampleResult: sampleresult.useNanoTime=true
2024-01-08 13:05:54,668 INFO o.a.j.s.SampleResult: sampleresult.nanoThreadSleep=5000
2024-01-08 13:05:54,759 ERROR o.a.j.v.ViewResultsFullVisualizer: Exception registering implementation: [org.apache.jmeter.visualizers.RenderInBrowser] of interface: [interface org.apache.jmeter.visualizers.ResultRenderer], a jar is probably missing
java.util.ServiceConfigurationError: org.apache.jmeter.visualizers.ResultRenderer: Provider org.apache.jmeter.visualizers.RenderInBrowser could not be instantiated
	at java.util.ServiceLoader.fail(ServiceLoader.java:232) ~[?:1.8.0_312]
	at java.util.ServiceLoader.access$100(ServiceLoader.java:185) ~[?:1.8.0_312]
	at java.util.ServiceLoader$LazyIterator.nextService(ServiceLoader.java:384) ~[?:1.8.0_312]
	at java.util.ServiceLoader$LazyIterator.next(ServiceLoader.java:404) ~[?:1.8.0_312]
	at java.util.ServiceLoader$1.next(ServiceLoader.java:480) ~[?:1.8.0_312]
	at org.apache.jorphan.reflect.ClassFinder.loadServices(ClassFinder.java:118) ~[jorphan.jar:5.6]
	at org.apache.jmeter.util.JMeterUtils.loadServicesAndScanJars(JMeterUtils.java:345) ~[ApacheJMeter_core.jar:5.6]
	at org.apache.jmeter.visualizers.ViewResultsFullVisualizer.createComboRender(ViewResultsFullVisualizer.java:464) ~[ApacheJMeter_components.jar:5.6]
	at org.apache.jmeter.visualizers.ViewResultsFullVisualizer.createLeftPanel(ViewResultsFullVisualizer.java:438) ~[ApacheJMeter_components.jar:5.6]
	at org.apache.jmeter.visualizers.ViewResultsFullVisualizer.init(ViewResultsFullVisualizer.java:349) ~[ApacheJMeter_components.jar:5.6]
	at org.apache.jmeter.visualizers.ViewResultsFullVisualizer.<init>(ViewResultsFullVisualizer.java:156) ~[ApacheJMeter_components.jar:5.6]
	at sun.reflect.NativeConstructorAccessorImpl.newInstance0(Native Method) ~[?:1.8.0_312]
	at sun.reflect.NativeConstructorAccessorImpl.newInstance(NativeConstructorAccessorImpl.java:62) ~[?:1.8.0_312]
	at sun.reflect.DelegatingConstructorAccessorImpl.newInstance(DelegatingConstructorAccessorImpl.java:45) ~[?:1.8.0_312]
	at java.lang.reflect.Constructor.newInstance(Constructor.java:423) ~[?:1.8.0_312]
	at org.apache.jmeter.gui.GuiPackage.getGuiFromCache(GuiPackage.java:424) ~[ApacheJMeter_core.jar:5.6]
	at org.apache.jmeter.gui.GuiPackage.getGui(GuiPackage.java:267) ~[ApacheJMeter_core.jar:5.6]
	at org.apache.jmeter.gui.GuiPackage.getGui(GuiPackage.java:238) ~[ApacheJMeter_core.jar:5.6]
	at org.apache.jmeter.gui.tree.JMeterTreeModel.addComponent(JMeterTreeModel.java:160) ~[ApacheJMeter_core.jar:5.6]
	at org.apache.jmeter.gui.tree.JMeterTreeModel.addSubTree(JMeterTreeModel.java:131) ~[ApacheJMeter_core.jar:5.6]
	at org.apache.jmeter.gui.tree.JMeterTreeModel.addSubTree(JMeterTreeModel.java:131) ~[ApacheJMeter_core.jar:5.6]
	at org.apache.jmeter.gui.tree.JMeterTreeModel.addSubTree(JMeterTreeModel.java:131) ~[ApacheJMeter_core.jar:5.6]
	at org.apache.jmeter.gui.tree.JMeterTreeModel.addSubTree(JMeterTreeModel.java:123) ~[ApacheJMeter_core.jar:5.6]
	at org.apache.jmeter.gui.GuiPackage.addSubTree(GuiPackage.java:555) ~[ApacheJMeter_core.jar:5.6]
	at org.apache.jmeter.gui.action.Load.insertLoadedTree(Load.java:201) ~[ApacheJMeter_core.jar:5.6]
	at org.apache.jmeter.gui.action.Load.loadProjectFile(Load.java:132) ~[ApacheJMeter_core.jar:5.6]
	at org.apache.jmeter.gui.action.Load.loadProjectFile(Load.java:103) ~[ApacheJMeter_core.jar:5.6]
	at org.apache.jmeter.gui.action.Load.doActionAfterCheck(Load.java:90) ~[ApacheJMeter_core.jar:5.6]
	at org.apache.jmeter.gui.action.AbstractActionWithNoRunningTest.doAction(AbstractActionWithNoRunningTest.java:44) ~[ApacheJMeter_core.jar:5.6]
	at org.apache.jmeter.gui.action.ActionRouter.performAction(ActionRouter.java:83) ~[ApacheJMeter_core.jar:5.6]
	at org.apache.jmeter.gui.action.ActionRouter.lambda$actionPerformed$0(ActionRouter.java:65) ~[ApacheJMeter_core.jar:5.6]
	at java.awt.event.InvocationEvent.dispatch(InvocationEvent.java:311) [?:1.8.0_312]
	at java.awt.EventQueue.dispatchEventImpl(EventQueue.java:758) [?:1.8.0_312]
	at java.awt.EventQueue.access$500(EventQueue.java:97) [?:1.8.0_312]
	at java.awt.EventQueue$3.run(EventQueue.java:709) [?:1.8.0_312]
	at java.awt.EventQueue$3.run(EventQueue.java:703) [?:1.8.0_312]
	at java.security.AccessController.doPrivileged(Native Method) ~[?:1.8.0_312]
	at java.security.ProtectionDomain$JavaSecurityAccessImpl.doIntersectionPrivilege(ProtectionDomain.java:74) [?:1.8.0_312]
	at java.awt.EventQueue.dispatchEvent(EventQueue.java:728) [?:1.8.0_312]
	at java.awt.EventDispatchThread.pumpOneEventForFilters(EventDispatchThread.java:205) [?:1.8.0_312]
	at java.awt.EventDispatchThread.pumpEventsForFilter(EventDispatchThread.java:116) [?:1.8.0_312]
	at java.awt.EventDispatchThread.pumpEventsForHierarchy(EventDispatchThread.java:105) [?:1.8.0_312]
	at java.awt.EventDispatchThread.pumpEvents(EventDispatchThread.java:101) [?:1.8.0_312]
	at java.awt.EventDispatchThread.pumpEvents(EventDispatchThread.java:93) [?:1.8.0_312]
	at java.awt.EventDispatchThread.run(EventDispatchThread.java:82) [?:1.8.0_312]
Caused by: java.lang.NoClassDefFoundError: javafx/scene/Parent
	at java.lang.Class.getDeclaredConstructors0(Native Method) ~[?:1.8.0_312]
	at java.lang.Class.privateGetDeclaredConstructors(Class.java:2671) ~[?:1.8.0_312]
	at java.lang.Class.getConstructor0(Class.java:3075) ~[?:1.8.0_312]
	at java.lang.Class.newInstance(Class.java:412) ~[?:1.8.0_312]
	at java.util.ServiceLoader$LazyIterator.nextService(ServiceLoader.java:380) ~[?:1.8.0_312]
	... 42 more
Caused by: java.lang.ClassNotFoundException: javafx.scene.Parent
	at java.net.URLClassLoader.findClass(URLClassLoader.java:387) ~[?:1.8.0_312]
	at java.lang.ClassLoader.loadClass(ClassLoader.java:419) ~[?:1.8.0_312]
	at java.lang.ClassLoader.loadClass(ClassLoader.java:352) ~[?:1.8.0_312]
	at java.lang.Class.getDeclaredConstructors0(Native Method) ~[?:1.8.0_312]
	at java.lang.Class.privateGetDeclaredConstructors(Class.java:2671) ~[?:1.8.0_312]
	at java.lang.Class.getConstructor0(Class.java:3075) ~[?:1.8.0_312]
	at java.lang.Class.newInstance(Class.java:412) ~[?:1.8.0_312]
	at java.util.ServiceLoader$LazyIterator.nextService(ServiceLoader.java:380) ~[?:1.8.0_312]
	... 42 more
2024-01-08 13:05:54,797 INFO o.a.j.s.FileServer: Set new base='/Users/sunjifeng/Desktop/Space/apache-jmeter-5.6/bin'
2024-01-08 13:06:23,011 INFO o.a.j.e.StandardJMeterEngine: Running the test!
2024-01-08 13:06:23,012 INFO o.a.j.s.SampleEvent: List of sample_variables: []
2024-01-08 13:06:23,012 INFO o.a.j.s.SampleEvent: List of sample_variables: []
2024-01-08 13:06:23,013 INFO o.a.j.e.u.CompoundVariable: Note: Function class names must contain the string: '.functions.'
2024-01-08 13:06:23,013 INFO o.a.j.e.u.CompoundVariable: Note: Function class names must not contain the string: '.gui.'
2024-01-08 13:06:23,168 INFO o.a.j.g.u.JMeterMenuBar: setRunning(true, *local*)
2024-01-08 13:06:23,246 INFO o.a.j.e.StandardJMeterEngine: Starting ThreadGroup: 1 : 线程组
2024-01-08 13:06:23,246 INFO o.a.j.e.StandardJMeterEngine: Starting 10 threads for group 线程组.
2024-01-08 13:06:23,246 INFO o.a.j.e.StandardJMeterEngine: Thread will continue on error
2024-01-08 13:06:23,246 INFO o.a.j.t.ThreadGroup: Starting thread group... number=1 threads=10 ramp-up=1 delayedStart=false
2024-01-08 13:06:23,249 INFO o.a.j.t.JMeterThread: Thread started: 线程组 1-1
2024-01-08 13:06:23,253 INFO o.a.j.t.ThreadGroup: Started thread group number 1
2024-01-08 13:06:23,254 INFO o.a.j.e.StandardJMeterEngine: All thread groups have been started
2024-01-08 13:06:23,260 INFO o.a.j.p.h.s.HTTPHCAbstractImpl: Local host = mbp
2024-01-08 13:06:23,265 INFO o.a.j.p.h.s.HTTPHC4Impl: HTTP request retry count = 0
2024-01-08 13:06:23,353 INFO o.a.j.t.JMeterThread: Thread started: 线程组 1-2
2024-01-08 13:06:23,453 INFO o.a.j.t.JMeterThread: Thread started: 线程组 1-3
2024-01-08 13:06:23,552 INFO o.a.j.t.JMeterThread: Thread started: 线程组 1-4
2024-01-08 13:06:23,650 INFO o.a.j.t.JMeterThread: Thread started: 线程组 1-5
2024-01-08 13:06:23,753 INFO o.a.j.t.JMeterThread: Thread started: 线程组 1-6
2024-01-08 13:06:23,853 INFO o.a.j.t.JMeterThread: Thread started: 线程组 1-7
2024-01-08 13:06:23,952 INFO o.a.j.t.JMeterThread: Thread started: 线程组 1-8
2024-01-08 13:06:24,052 INFO o.a.j.t.JMeterThread: Thread started: 线程组 1-9
2024-01-08 13:06:24,147 INFO o.a.j.t.JMeterThread: Thread started: 线程组 1-10
2024-01-08 13:06:48,515 INFO o.a.j.t.JMeterThread: Thread is done: 线程组 1-1
2024-01-08 13:06:48,515 INFO o.a.j.t.JMeterThread: Thread is done: 线程组 1-2
2024-01-08 13:06:48,515 INFO o.a.j.t.JMeterThread: Thread finished: 线程组 1-1
2024-01-08 13:06:48,515 INFO o.a.j.t.JMeterThread: Thread finished: 线程组 1-2
2024-01-08 13:06:48,577 INFO o.a.j.t.JMeterThread: Thread is done: 线程组 1-3
2024-01-08 13:06:48,577 INFO o.a.j.t.JMeterThread: Thread finished: 线程组 1-3
2024-01-08 13:06:48,719 INFO o.a.j.t.JMeterThread: Thread is done: 线程组 1-4
2024-01-08 13:06:48,719 INFO o.a.j.t.JMeterThread: Thread finished: 线程组 1-4
2024-01-08 13:06:48,753 INFO o.a.j.t.JMeterThread: Thread is done: 线程组 1-5
2024-01-08 13:06:48,754 INFO o.a.j.t.JMeterThread: Thread finished: 线程组 1-5
2024-01-08 13:06:48,833 INFO o.a.j.t.JMeterThread: Thread is done: 线程组 1-6
2024-01-08 13:06:48,833 INFO o.a.j.t.JMeterThread: Thread finished: 线程组 1-6
2024-01-08 13:06:48,942 INFO o.a.j.t.JMeterThread: Thread is done: 线程组 1-7
2024-01-08 13:06:48,942 INFO o.a.j.t.JMeterThread: Thread finished: 线程组 1-7
2024-01-08 13:06:49,015 INFO o.a.j.t.JMeterThread: Thread is done: 线程组 1-8
2024-01-08 13:06:49,015 INFO o.a.j.t.JMeterThread: Thread finished: 线程组 1-8
2024-01-08 13:06:49,129 INFO o.a.j.t.JMeterThread: Thread is done: 线程组 1-9
2024-01-08 13:06:49,129 INFO o.a.j.t.JMeterThread: Thread finished: 线程组 1-9
2024-01-08 13:06:49,214 INFO o.a.j.t.JMeterThread: Thread is done: 线程组 1-10
2024-01-08 13:06:49,214 INFO o.a.j.t.JMeterThread: Thread finished: 线程组 1-10
2024-01-08 13:06:49,214 INFO o.a.j.e.StandardJMeterEngine: Notifying test listeners of end of test
2024-01-08 13:06:49,215 INFO o.a.j.g.u.JMeterMenuBar: setRunning(false, *local*)
2024-01-08 13:07:59,147 INFO o.a.j.e.StandardJMeterEngine: Running the test!
2024-01-08 13:07:59,147 INFO o.a.j.s.SampleEvent: List of sample_variables: []
2024-01-08 13:07:59,149 INFO o.a.j.g.u.JMeterMenuBar: setRunning(true, *local*)
2024-01-08 13:07:59,275 INFO o.a.j.e.StandardJMeterEngine: Starting ThreadGroup: 1 : 线程组
2024-01-08 13:07:59,275 INFO o.a.j.e.StandardJMeterEngine: Starting 10 threads for group 线程组.
2024-01-08 13:07:59,275 INFO o.a.j.e.StandardJMeterEngine: Thread will continue on error
2024-01-08 13:07:59,275 INFO o.a.j.t.ThreadGroup: Starting thread group... number=1 threads=10 ramp-up=1 delayedStart=false
2024-01-08 13:07:59,276 INFO o.a.j.t.JMeterThread: Thread started: 线程组 1-1
2024-01-08 13:07:59,278 INFO o.a.j.t.ThreadGroup: Started thread group number 1
2024-01-08 13:07:59,278 INFO o.a.j.e.StandardJMeterEngine: All thread groups have been started
2024-01-08 13:07:59,378 INFO o.a.j.t.JMeterThread: Thread started: 线程组 1-2
2024-01-08 13:07:59,479 INFO o.a.j.t.JMeterThread: Thread started: 线程组 1-3
2024-01-08 13:07:59,580 INFO o.a.j.t.JMeterThread: Thread started: 线程组 1-4
2024-01-08 13:07:59,676 INFO o.a.j.t.JMeterThread: Thread started: 线程组 1-5
2024-01-08 13:07:59,781 INFO o.a.j.t.JMeterThread: Thread started: 线程组 1-6
2024-01-08 13:07:59,878 INFO o.a.j.t.JMeterThread: Thread started: 线程组 1-7
2024-01-08 13:07:59,976 INFO o.a.j.t.JMeterThread: Thread started: 线程组 1-8
2024-01-08 13:08:00,078 INFO o.a.j.t.JMeterThread: Thread started: 线程组 1-9
2024-01-08 13:08:00,180 INFO o.a.j.t.JMeterThread: Thread started: 线程组 1-10
2024-01-08 13:08:04,583 INFO o.a.j.u.JsseSSLManager: Using default SSL protocol: TLS
2024-01-08 13:08:04,584 INFO o.a.j.u.JsseSSLManager: SSL session context: per-thread
2024-01-08 13:09:01,855 INFO o.a.j.t.JMeterThread: Thread is done: 线程组 1-2
2024-01-08 13:09:01,856 INFO o.a.j.t.JMeterThread: Thread finished: 线程组 1-2
2024-01-08 13:09:06,865 INFO o.a.j.t.JMeterThread: Thread is done: 线程组 1-3
2024-01-08 13:09:06,865 INFO o.a.j.t.JMeterThread: Thread is done: 线程组 1-4
2024-01-08 13:09:06,865 INFO o.a.j.t.JMeterThread: Thread is done: 线程组 1-9
2024-01-08 13:09:06,865 INFO o.a.j.t.JMeterThread: Thread finished: 线程组 1-3
2024-01-08 13:09:06,865 INFO o.a.j.t.JMeterThread: Thread finished: 线程组 1-9
2024-01-08 13:09:06,865 INFO o.a.j.t.JMeterThread: Thread is done: 线程组 1-1
2024-01-08 13:09:06,866 INFO o.a.j.t.JMeterThread: Thread finished: 线程组 1-1
2024-01-08 13:09:06,866 INFO o.a.j.t.JMeterThread: Thread finished: 线程组 1-4
2024-01-08 13:09:06,867 INFO o.a.j.t.JMeterThread: Thread is done: 线程组 1-10
2024-01-08 13:09:06,868 INFO o.a.j.t.JMeterThread: Thread finished: 线程组 1-10
2024-01-08 13:09:06,868 INFO o.a.j.t.JMeterThread: Thread is done: 线程组 1-7
2024-01-08 13:09:06,867 INFO o.a.j.t.JMeterThread: Thread is done: 线程组 1-5
2024-01-08 13:09:06,868 INFO o.a.j.t.JMeterThread: Thread finished: 线程组 1-7
2024-01-08 13:09:06,868 INFO o.a.j.t.JMeterThread: Thread finished: 线程组 1-5
2024-01-08 13:09:06,869 INFO o.a.j.t.JMeterThread: Thread is done: 线程组 1-6
2024-01-08 13:09:06,869 INFO o.a.j.t.JMeterThread: Thread is done: 线程组 1-8
2024-01-08 13:09:06,870 INFO o.a.j.t.JMeterThread: Thread finished: 线程组 1-6
2024-01-08 13:09:06,871 INFO o.a.j.t.JMeterThread: Thread finished: 线程组 1-8
2024-01-08 13:09:06,873 INFO o.a.j.e.StandardJMeterEngine: Notifying test listeners of end of test
2024-01-08 13:09:06,873 INFO o.a.j.g.u.JMeterMenuBar: setRunning(false, *local*)
2024-01-08 13:53:38,489 INFO o.a.j.e.StandardJMeterEngine: Running the test!
2024-01-08 13:53:38,490 INFO o.a.j.s.SampleEvent: List of sample_variables: []
2024-01-08 13:53:38,491 INFO o.a.j.g.u.JMeterMenuBar: setRunning(true, *local*)
2024-01-08 13:53:38,598 INFO o.a.j.e.StandardJMeterEngine: Starting ThreadGroup: 1 : 线程组
2024-01-08 13:53:38,598 INFO o.a.j.e.StandardJMeterEngine: Starting 100 threads for group 线程组.
2024-01-08 13:53:38,598 INFO o.a.j.e.StandardJMeterEngine: Thread will continue on error
2024-01-08 13:53:38,598 INFO o.a.j.t.ThreadGroup: Starting thread group... number=1 threads=100 ramp-up=1 delayedStart=false
2024-01-08 13:53:38,599 INFO o.a.j.t.JMeterThread: Thread started: 线程组 1-1
2024-01-08 13:53:38,611 INFO o.a.j.t.JMeterThread: Thread started: 线程组 1-2
2024-01-08 13:53:38,626 INFO o.a.j.t.JMeterThread: Thread started: 线程组 1-3
2024-01-08 13:53:38,630 INFO o.a.j.t.ThreadGroup: Started thread group number 1
2024-01-08 13:53:38,630 INFO o.a.j.e.StandardJMeterEngine: All thread groups have been started
2024-01-08 13:53:38,633 INFO o.a.j.t.JMeterThread: Thread started: 线程组 1-4
2024-01-08 13:53:38,641 INFO o.a.j.t.JMeterThread: Thread started: 线程组 1-5
2024-01-08 13:53:38,650 INFO o.a.j.t.JMeterThread: Thread started: 线程组 1-6
2024-01-08 13:53:38,661 INFO o.a.j.t.JMeterThread: Thread started: 线程组 1-7
2024-01-08 13:53:38,672 INFO o.a.j.t.JMeterThread: Thread started: 线程组 1-8
2024-01-08 13:53:38,684 INFO o.a.j.t.JMeterThread: Thread started: 线程组 1-9
2024-01-08 13:53:38,691 INFO o.a.j.t.JMeterThread: Thread started: 线程组 1-10
2024-01-08 13:53:38,702 INFO o.a.j.t.JMeterThread: Thread started: 线程组 1-11
2024-01-08 13:53:38,713 INFO o.a.j.t.JMeterThread: Thread started: 线程组 1-12
2024-01-08 13:53:38,719 INFO o.a.j.t.JMeterThread: Thread started: 线程组 1-13
2024-01-08 13:53:38,729 INFO o.a.j.t.JMeterThread: Thread started: 线程组 1-14
2024-01-08 13:53:38,740 INFO o.a.j.t.JMeterThread: Thread started: 线程组 1-15
2024-01-08 13:53:38,754 INFO o.a.j.t.JMeterThread: Thread started: 线程组 1-16
2024-01-08 13:53:38,764 INFO o.a.j.t.JMeterThread: Thread started: 线程组 1-17
2024-01-08 13:53:38,770 INFO o.a.j.t.JMeterThread: Thread started: 线程组 1-18
2024-01-08 13:53:38,780 INFO o.a.j.t.JMeterThread: Thread started: 线程组 1-19
2024-01-08 13:53:38,790 INFO o.a.j.t.JMeterThread: Thread started: 线程组 1-20
2024-01-08 13:53:38,804 INFO o.a.j.t.JMeterThread: Thread started: 线程组 1-21
2024-01-08 13:53:38,812 INFO o.a.j.t.JMeterThread: Thread started: 线程组 1-22
2024-01-08 13:53:38,819 INFO o.a.j.t.JMeterThread: Thread started: 线程组 1-23
2024-01-08 13:53:38,829 INFO o.a.j.t.JMeterThread: Thread started: 线程组 1-24
2024-01-08 13:53:38,840 INFO o.a.j.t.JMeterThread: Thread started: 线程组 1-25
2024-01-08 13:53:38,850 INFO o.a.j.t.JMeterThread: Thread started: 线程组 1-26
2024-01-08 13:53:38,863 INFO o.a.j.t.JMeterThread: Thread started: 线程组 1-27
2024-01-08 13:53:38,872 INFO o.a.j.t.JMeterThread: Thread started: 线程组 1-28
2024-01-08 13:53:38,881 INFO o.a.j.t.JMeterThread: Thread started: 线程组 1-29
2024-01-08 13:53:38,894 INFO o.a.j.t.JMeterThread: Thread started: 线程组 1-30
2024-01-08 13:53:38,903 INFO o.a.j.t.JMeterThread: Thread started: 线程组 1-31
2024-01-08 13:53:38,912 INFO o.a.j.t.JMeterThread: Thread started: 线程组 1-32
2024-01-08 13:53:38,923 INFO o.a.j.t.JMeterThread: Thread started: 线程组 1-33
2024-01-08 13:53:38,933 INFO o.a.j.t.JMeterThread: Thread started: 线程组 1-34
2024-01-08 13:53:38,942 INFO o.a.j.t.JMeterThread: Thread started: 线程组 1-35
2024-01-08 13:53:38,952 INFO o.a.j.t.JMeterThread: Thread started: 线程组 1-36
2024-01-08 13:53:38,961 INFO o.a.j.t.JMeterThread: Thread started: 线程组 1-37
2024-01-08 13:53:38,972 INFO o.a.j.t.JMeterThread: Thread started: 线程组 1-38
2024-01-08 13:53:38,980 INFO o.a.j.t.JMeterThread: Thread started: 线程组 1-39
2024-01-08 13:53:38,988 INFO o.a.j.t.JMeterThread: Thread started: 线程组 1-40
2024-01-08 13:53:39,003 INFO o.a.j.t.JMeterThread: Thread started: 线程组 1-41
2024-01-08 13:53:39,013 INFO o.a.j.t.JMeterThread: Thread started: 线程组 1-42
2024-01-08 13:53:39,024 INFO o.a.j.t.JMeterThread: Thread started: 线程组 1-43
2024-01-08 13:53:39,030 INFO o.a.j.t.JMeterThread: Thread started: 线程组 1-44
2024-01-08 13:53:39,040 INFO o.a.j.t.JMeterThread: Thread started: 线程组 1-45
2024-01-08 13:53:39,053 INFO o.a.j.t.JMeterThread: Thread started: 线程组 1-46
2024-01-08 13:53:39,063 INFO o.a.j.t.JMeterThread: Thread started: 线程组 1-47
2024-01-08 13:53:39,072 INFO o.a.j.t.JMeterThread: Thread started: 线程组 1-48
2024-01-08 13:53:39,083 INFO o.a.j.t.JMeterThread: Thread started: 线程组 1-49
2024-01-08 13:53:39,096 INFO o.a.j.t.JMeterThread: Thread started: 线程组 1-50
2024-01-08 13:53:39,103 INFO o.a.j.t.JMeterThread: Thread started: 线程组 1-51
2024-01-08 13:53:39,113 INFO o.a.j.t.JMeterThread: Thread started: 线程组 1-52
2024-01-08 13:53:39,124 INFO o.a.j.t.JMeterThread: Thread started: 线程组 1-53
2024-01-08 13:53:39,134 INFO o.a.j.t.JMeterThread: Thread started: 线程组 1-54
2024-01-08 13:53:39,143 INFO o.a.j.t.JMeterThread: Thread started: 线程组 1-55
2024-01-08 13:53:39,153 INFO o.a.j.t.JMeterThread: Thread started: 线程组 1-56
2024-01-08 13:53:39,164 INFO o.a.j.t.JMeterThread: Thread started: 线程组 1-57
2024-01-08 13:53:39,171 INFO o.a.j.t.JMeterThread: Thread started: 线程组 1-58
2024-01-08 13:53:39,179 INFO o.a.j.t.JMeterThread: Thread started: 线程组 1-59
2024-01-08 13:53:39,189 INFO o.a.j.t.JMeterThread: Thread started: 线程组 1-60
2024-01-08 13:53:39,204 INFO o.a.j.t.JMeterThread: Thread started: 线程组 1-61
2024-01-08 13:53:39,214 INFO o.a.j.t.JMeterThread: Thread started: 线程组 1-62
2024-01-08 13:53:39,223 INFO o.a.j.t.JMeterThread: Thread started: 线程组 1-63
2024-01-08 13:53:39,231 INFO o.a.j.t.JMeterThread: Thread started: 线程组 1-64
2024-01-08 13:53:39,239 INFO o.a.j.t.JMeterThread: Thread started: 线程组 1-65
2024-01-08 13:53:39,254 INFO o.a.j.t.JMeterThread: Thread started: 线程组 1-66
2024-01-08 13:53:39,263 INFO o.a.j.t.JMeterThread: Thread started: 线程组 1-67
2024-01-08 13:53:39,273 INFO o.a.j.t.JMeterThread: Thread started: 线程组 1-68
2024-01-08 13:53:39,279 INFO o.a.j.t.JMeterThread: Thread started: 线程组 1-69
2024-01-08 13:53:39,293 INFO o.a.j.t.JMeterThread: Thread started: 线程组 1-70
2024-01-08 13:53:39,300 INFO o.a.j.t.JMeterThread: Thread started: 线程组 1-71
2024-01-08 13:53:39,314 INFO o.a.j.t.JMeterThread: Thread started: 线程组 1-72
2024-01-08 13:53:39,319 INFO o.a.j.t.JMeterThread: Thread started: 线程组 1-73
2024-01-08 13:53:39,331 INFO o.a.j.t.JMeterThread: Thread started: 线程组 1-74
2024-01-08 13:53:39,341 INFO o.a.j.t.JMeterThread: Thread started: 线程组 1-75
2024-01-08 13:53:39,352 INFO o.a.j.t.JMeterThread: Thread started: 线程组 1-76
2024-01-08 13:53:39,364 INFO o.a.j.t.JMeterThread: Thread started: 线程组 1-77
2024-01-08 13:53:39,371 INFO o.a.j.t.JMeterThread: Thread started: 线程组 1-78
2024-01-08 13:53:39,381 INFO o.a.j.t.JMeterThread: Thread started: 线程组 1-79
2024-01-08 13:53:39,391 INFO o.a.j.t.JMeterThread: Thread started: 线程组 1-80
2024-01-08 13:53:39,400 INFO o.a.j.t.JMeterThread: Thread started: 线程组 1-81
2024-01-08 13:53:39,413 INFO o.a.j.t.JMeterThread: Thread started: 线程组 1-82
2024-01-08 13:53:39,420 INFO o.a.j.t.JMeterThread: Thread started: 线程组 1-83
2024-01-08 13:53:39,433 INFO o.a.j.t.JMeterThread: Thread started: 线程组 1-84
2024-01-08 13:53:39,443 INFO o.a.j.t.JMeterThread: Thread started: 线程组 1-85
2024-01-08 13:53:39,450 INFO o.a.j.t.JMeterThread: Thread started: 线程组 1-86
2024-01-08 13:53:39,461 INFO o.a.j.t.JMeterThread: Thread started: 线程组 1-87
2024-01-08 13:53:39,471 INFO o.a.j.t.JMeterThread: Thread started: 线程组 1-88
2024-01-08 13:53:39,479 INFO o.a.j.t.JMeterThread: Thread started: 线程组 1-89
2024-01-08 13:53:39,493 INFO o.a.j.t.JMeterThread: Thread started: 线程组 1-90
2024-01-08 13:53:39,503 INFO o.a.j.t.JMeterThread: Thread started: 线程组 1-91
2024-01-08 13:53:39,514 INFO o.a.j.t.JMeterThread: Thread started: 线程组 1-92
2024-01-08 13:53:39,525 INFO o.a.j.t.JMeterThread: Thread started: 线程组 1-93
2024-01-08 13:53:39,533 INFO o.a.j.t.JMeterThread: Thread started: 线程组 1-94
2024-01-08 13:53:39,543 INFO o.a.j.t.JMeterThread: Thread started: 线程组 1-95
2024-01-08 13:53:39,549 INFO o.a.j.t.JMeterThread: Thread started: 线程组 1-96
2024-01-08 13:53:39,560 INFO o.a.j.t.JMeterThread: Thread started: 线程组 1-97
2024-01-08 13:53:39,569 INFO o.a.j.t.JMeterThread: Thread started: 线程组 1-98
2024-01-08 13:53:39,582 INFO o.a.j.t.JMeterThread: Thread started: 线程组 1-99
2024-01-08 13:53:39,588 INFO o.a.j.t.JMeterThread: Thread started: 线程组 1-100
2024-01-08 13:54:16,182 INFO o.a.j.g.a.Start: Stopping test
2024-01-08 13:54:16,221 INFO o.a.j.t.JMeterThread: Stopping: 线程组 1-17
2024-01-08 13:54:16,221 WARN o.a.j.t.JMeterThread: Interrupting: 线程组 1-17 sampler: hiPost
2024-01-08 13:54:16,223 INFO o.a.j.t.JMeterThread: Stopping: 线程组 1-51
2024-01-08 13:54:16,223 WARN o.a.j.t.JMeterThread: Interrupting: 线程组 1-51 sampler: hiPost
2024-01-08 13:54:16,225 INFO o.a.j.t.JMeterThread: Stopping: 线程组 1-9
2024-01-08 13:54:16,225 WARN o.a.j.t.JMeterThread: Interrupting: 线程组 1-9 sampler: hiPost
2024-01-08 13:54:16,228 INFO o.a.j.t.JMeterThread: Stopping: 线程组 1-90
2024-01-08 13:54:16,228 WARN o.a.j.t.JMeterThread: Interrupting: 线程组 1-90 sampler: hiPost
2024-01-08 13:54:16,230 INFO o.a.j.t.JMeterThread: Thread finished: 线程组 1-17
2024-01-08 13:54:16,230 INFO o.a.j.t.JMeterThread: Thread finished: 线程组 1-9
2024-01-08 13:54:16,230 INFO o.a.j.t.JMeterThread: Thread finished: 线程组 1-51
2024-01-08 13:54:16,230 INFO o.a.j.t.JMeterThread: Stopping: 线程组 1-46
2024-01-08 13:54:16,230 WARN o.a.j.t.JMeterThread: Interrupting: 线程组 1-46 sampler: hiPost
2024-01-08 13:54:16,232 INFO o.a.j.t.JMeterThread: Thread finished: 线程组 1-90
2024-01-08 13:54:16,235 INFO o.a.j.t.JMeterThread: Stopping: 线程组 1-98
2024-01-08 13:54:16,235 WARN o.a.j.t.JMeterThread: Interrupting: 线程组 1-98 sampler: hiPost
2024-01-08 13:54:16,237 INFO o.a.j.t.JMeterThread: Stopping: 线程组 1-1
2024-01-08 13:54:16,237 WARN o.a.j.t.JMeterThread: Interrupting: 线程组 1-1 sampler: hiPost
2024-01-08 13:54:16,237 INFO o.a.j.t.JMeterThread: Thread finished: 线程组 1-46
2024-01-08 13:54:16,238 INFO o.a.j.t.JMeterThread: Thread finished: 线程组 1-98
2024-01-08 13:54:16,238 INFO o.a.j.t.JMeterThread: Stopping: 线程组 1-36
2024-01-08 13:54:16,238 WARN o.a.j.t.JMeterThread: Interrupting: 线程组 1-36 sampler: hiPost
2024-01-08 13:54:16,240 INFO o.a.j.t.JMeterThread: Stopping: 线程组 1-63
2024-01-08 13:54:16,240 WARN o.a.j.t.JMeterThread: Interrupting: 线程组 1-63 sampler: hiPost
2024-01-08 13:54:16,240 INFO o.a.j.t.JMeterThread: Thread finished: 线程组 1-1
2024-01-08 13:54:16,242 INFO o.a.j.t.JMeterThread: Stopping: 线程组 1-33
2024-01-08 13:54:16,242 INFO o.a.j.t.JMeterThread: Thread finished: 线程组 1-36
2024-01-08 13:54:16,242 WARN o.a.j.t.JMeterThread: Interrupting: 线程组 1-33 sampler: hiPost
2024-01-08 13:54:16,243 INFO o.a.j.t.JMeterThread: Stopping: 线程组 1-34
2024-01-08 13:54:16,243 WARN o.a.j.t.JMeterThread: Interrupting: 线程组 1-34 sampler: hiPost
2024-01-08 13:54:16,243 INFO o.a.j.t.JMeterThread: Thread finished: 线程组 1-63
2024-01-08 13:54:16,244 INFO o.a.j.t.JMeterThread: Stopping: 线程组 1-52
2024-01-08 13:54:16,244 WARN o.a.j.t.JMeterThread: Interrupting: 线程组 1-52 sampler: hiPost
2024-01-08 13:54:16,245 INFO o.a.j.t.JMeterThread: Stopping: 线程组 1-86
2024-01-08 13:54:16,245 WARN o.a.j.t.JMeterThread: Interrupting: 线程组 1-86 sampler: hiPost
2024-01-08 13:54:16,245 INFO o.a.j.t.JMeterThread: Thread finished: 线程组 1-33
2024-01-08 13:54:16,245 INFO o.a.j.t.JMeterThread: Thread finished: 线程组 1-34
2024-01-08 13:54:16,246 INFO o.a.j.t.JMeterThread: Stopping: 线程组 1-94
2024-01-08 13:54:16,246 WARN o.a.j.t.JMeterThread: Interrupting: 线程组 1-94 sampler: hiPost
2024-01-08 13:54:16,246 INFO o.a.j.t.JMeterThread: Thread finished: 线程组 1-52
2024-01-08 13:54:16,247 INFO o.a.j.t.JMeterThread: Stopping: 线程组 1-6
2024-01-08 13:54:16,247 WARN o.a.j.t.JMeterThread: Interrupting: 线程组 1-6 sampler: hiPost
2024-01-08 13:54:16,247 INFO o.a.j.t.JMeterThread: Thread finished: 线程组 1-86
2024-01-08 13:54:16,248 INFO o.a.j.t.JMeterThread: Stopping: 线程组 1-26
2024-01-08 13:54:16,248 WARN o.a.j.t.JMeterThread: Interrupting: 线程组 1-26 sampler: hiPost
2024-01-08 13:54:16,248 INFO o.a.j.t.JMeterThread: Thread finished: 线程组 1-94
2024-01-08 13:54:16,250 INFO o.a.j.t.JMeterThread: Stopping: 线程组 1-61
2024-01-08 13:54:16,250 INFO o.a.j.t.JMeterThread: Thread finished: 线程组 1-6
2024-01-08 13:54:16,250 WARN o.a.j.t.JMeterThread: Interrupting: 线程组 1-61 sampler: hiPost
2024-01-08 13:54:16,251 INFO o.a.j.t.JMeterThread: Stopping: 线程组 1-7
2024-01-08 13:54:16,251 WARN o.a.j.t.JMeterThread: Interrupting: 线程组 1-7 sampler: hiPost
2024-01-08 13:54:16,252 INFO o.a.j.t.JMeterThread: Stopping: 线程组 1-16
2024-01-08 13:54:16,252 INFO o.a.j.t.JMeterThread: Thread finished: 线程组 1-26
2024-01-08 13:54:16,252 WARN o.a.j.t.JMeterThread: Interrupting: 线程组 1-16 sampler: hiPost
2024-01-08 13:54:16,253 INFO o.a.j.t.JMeterThread: Thread finished: 线程组 1-61
2024-01-08 13:54:16,253 INFO o.a.j.t.JMeterThread: Thread finished: 线程组 1-7
2024-01-08 13:54:16,254 INFO o.a.j.t.JMeterThread: Stopping: 线程组 1-20
2024-01-08 13:54:16,254 WARN o.a.j.t.JMeterThread: Interrupting: 线程组 1-20 sampler: hiPost
2024-01-08 13:54:16,264 INFO o.a.j.t.JMeterThread: Thread finished: 线程组 1-16
2024-01-08 13:54:16,265 INFO o.a.j.t.JMeterThread: Stopping: 线程组 1-43
2024-01-08 13:54:16,265 WARN o.a.j.t.JMeterThread: Interrupting: 线程组 1-43 sampler: hiPost
2024-01-08 13:54:16,269 INFO o.a.j.t.JMeterThread: Thread finished: 线程组 1-20
2024-01-08 13:54:16,268 INFO o.a.j.t.JMeterThread: Stopping: 线程组 1-25
2024-01-08 13:54:16,269 WARN o.a.j.t.JMeterThread: Interrupting: 线程组 1-25 sampler: hiPost
2024-01-08 13:54:16,269 INFO o.a.j.t.JMeterThread: Thread finished: 线程组 1-43
2024-01-08 13:54:16,270 INFO o.a.j.t.JMeterThread: Stopping: 线程组 1-70
2024-01-08 13:54:16,270 WARN o.a.j.t.JMeterThread: Interrupting: 线程组 1-70 sampler: hiPost
2024-01-08 13:54:16,270 INFO o.a.j.t.JMeterThread: Stopping: 线程组 1-87
2024-01-08 13:54:16,270 WARN o.a.j.t.JMeterThread: Interrupting: 线程组 1-87 sampler: hiPost
2024-01-08 13:54:16,271 INFO o.a.j.t.JMeterThread: Thread finished: 线程组 1-25
2024-01-08 13:54:16,271 INFO o.a.j.t.JMeterThread: Thread finished: 线程组 1-70
2024-01-08 13:54:16,271 INFO o.a.j.t.JMeterThread: Stopping: 线程组 1-68
2024-01-08 13:54:16,271 WARN o.a.j.t.JMeterThread: Interrupting: 线程组 1-68 sampler: hiPost
2024-01-08 13:54:16,271 INFO o.a.j.t.JMeterThread: Thread finished: 线程组 1-87
2024-01-08 13:54:16,271 INFO o.a.j.t.JMeterThread: Stopping: 线程组 1-10
2024-01-08 13:54:16,271 WARN o.a.j.t.JMeterThread: Interrupting: 线程组 1-10 sampler: hiPost
2024-01-08 13:54:16,272 INFO o.a.j.t.JMeterThread: Thread finished: 线程组 1-68
2024-01-08 13:54:16,272 INFO o.a.j.t.JMeterThread: Stopping: 线程组 1-53
2024-01-08 13:54:16,272 WARN o.a.j.t.JMeterThread: Interrupting: 线程组 1-53 sampler: hiPost
2024-01-08 13:54:16,273 INFO o.a.j.t.JMeterThread: Stopping: 线程组 1-2
2024-01-08 13:54:16,274 WARN o.a.j.t.JMeterThread: Interrupting: 线程组 1-2 sampler: hiPost
2024-01-08 13:54:16,274 INFO o.a.j.t.JMeterThread: Thread finished: 线程组 1-10
2024-01-08 13:54:16,274 INFO o.a.j.t.JMeterThread: Stopping: 线程组 1-19
2024-01-08 13:54:16,274 WARN o.a.j.t.JMeterThread: Interrupting: 线程组 1-19 sampler: hiPost
2024-01-08 13:54:16,274 INFO o.a.j.t.JMeterThread: Thread finished: 线程组 1-53
2024-01-08 13:54:16,274 INFO o.a.j.t.JMeterThread: Stopping: 线程组 1-58
2024-01-08 13:54:16,274 WARN o.a.j.t.JMeterThread: Interrupting: 线程组 1-58 sampler: hiPost
2024-01-08 13:54:16,274 INFO o.a.j.t.JMeterThread: Thread finished: 线程组 1-2
2024-01-08 13:54:16,275 INFO o.a.j.t.JMeterThread: Thread finished: 线程组 1-19
2024-01-08 13:54:16,275 INFO o.a.j.t.JMeterThread: Stopping: 线程组 1-54
2024-01-08 13:54:16,275 WARN o.a.j.t.JMeterThread: Interrupting: 线程组 1-54 sampler: hiPost
2024-01-08 13:54:16,275 INFO o.a.j.t.JMeterThread: Stopping: 线程组 1-93
2024-01-08 13:54:16,275 WARN o.a.j.t.JMeterThread: Interrupting: 线程组 1-93 sampler: hiPost
2024-01-08 13:54:16,275 INFO o.a.j.t.JMeterThread: Thread finished: 线程组 1-58
2024-01-08 13:54:16,275 INFO o.a.j.t.JMeterThread: Thread finished: 线程组 1-54
2024-01-08 13:54:16,275 INFO o.a.j.t.JMeterThread: Stopping: 线程组 1-38
2024-01-08 13:54:16,275 WARN o.a.j.t.JMeterThread: Interrupting: 线程组 1-38 sampler: hiPost
2024-01-08 13:54:16,275 INFO o.a.j.t.JMeterThread: Stopping: 线程组 1-74
2024-01-08 13:54:16,275 WARN o.a.j.t.JMeterThread: Interrupting: 线程组 1-74 sampler: hiPost
2024-01-08 13:54:16,276 INFO o.a.j.t.JMeterThread: Thread finished: 线程组 1-93
2024-01-08 13:54:16,276 INFO o.a.j.t.JMeterThread: Stopping: 线程组 1-42
2024-01-08 13:54:16,276 WARN o.a.j.t.JMeterThread: Interrupting: 线程组 1-42 sampler: hiPost
2024-01-08 13:54:16,276 INFO o.a.j.t.JMeterThread: Thread finished: 线程组 1-38
2024-01-08 13:54:16,276 INFO o.a.j.t.JMeterThread: Stopping: 线程组 1-73
2024-01-08 13:54:16,276 WARN o.a.j.t.JMeterThread: Interrupting: 线程组 1-73 sampler: hiPost
2024-01-08 13:54:16,276 INFO o.a.j.t.JMeterThread: Thread finished: 线程组 1-74
2024-01-08 13:54:16,276 INFO o.a.j.t.JMeterThread: Stopping: 线程组 1-40
2024-01-08 13:54:16,276 WARN o.a.j.t.JMeterThread: Interrupting: 线程组 1-40 sampler: hiPost
2024-01-08 13:54:16,276 INFO o.a.j.t.JMeterThread: Thread finished: 线程组 1-42
2024-01-08 13:54:16,276 INFO o.a.j.t.JMeterThread: Thread finished: 线程组 1-73
2024-01-08 13:54:16,276 INFO o.a.j.t.JMeterThread: Stopping: 线程组 1-39
2024-01-08 13:54:16,276 WARN o.a.j.t.JMeterThread: Interrupting: 线程组 1-39 sampler: hiPost
2024-01-08 13:54:16,276 INFO o.a.j.t.JMeterThread: Thread finished: 线程组 1-40
2024-01-08 13:54:16,276 INFO o.a.j.t.JMeterThread: Stopping: 线程组 1-32
2024-01-08 13:54:16,276 WARN o.a.j.t.JMeterThread: Interrupting: 线程组 1-32 sampler: hiPost
2024-01-08 13:54:16,277 INFO o.a.j.t.JMeterThread: Thread finished: 线程组 1-39
2024-01-08 13:54:16,277 INFO o.a.j.t.JMeterThread: Stopping: 线程组 1-11
2024-01-08 13:54:16,277 WARN o.a.j.t.JMeterThread: Interrupting: 线程组 1-11 sampler: hiPost
2024-01-08 13:54:16,277 INFO o.a.j.t.JMeterThread: Thread finished: 线程组 1-32
2024-01-08 13:54:16,277 INFO o.a.j.t.JMeterThread: Stopping: 线程组 1-35
2024-01-08 13:54:16,277 WARN o.a.j.t.JMeterThread: Interrupting: 线程组 1-35 sampler: hiPost
2024-01-08 13:54:16,277 INFO o.a.j.t.JMeterThread: Stopping: 线程组 1-89
2024-01-08 13:54:16,279 INFO o.a.j.t.JMeterThread: Thread finished: 线程组 1-11
2024-01-08 13:54:16,279 INFO o.a.j.t.JMeterThread: Thread finished: 线程组 1-35
2024-01-08 13:54:16,279 WARN o.a.j.t.JMeterThread: Interrupting: 线程组 1-89 sampler: hiPost
2024-01-08 13:54:16,279 INFO o.a.j.t.JMeterThread: Stopping: 线程组 1-12
2024-01-08 13:54:16,279 WARN o.a.j.t.JMeterThread: Interrupting: 线程组 1-12 sampler: hiPost
2024-01-08 13:54:16,279 INFO o.a.j.t.JMeterThread: Thread finished: 线程组 1-89
2024-01-08 13:54:16,279 INFO o.a.j.t.JMeterThread: Stopping: 线程组 1-80
2024-01-08 13:54:16,279 INFO o.a.j.t.JMeterThread: Thread finished: 线程组 1-12
2024-01-08 13:54:16,279 WARN o.a.j.t.JMeterThread: Interrupting: 线程组 1-80 sampler: hiPost
2024-01-08 13:54:16,280 INFO o.a.j.t.JMeterThread: Stopping: 线程组 1-47
2024-01-08 13:54:16,280 WARN o.a.j.t.JMeterThread: Interrupting: 线程组 1-47 sampler: hiPost
2024-01-08 13:54:16,280 INFO o.a.j.t.JMeterThread: Thread finished: 线程组 1-80
2024-01-08 13:54:16,280 INFO o.a.j.t.JMeterThread: Stopping: 线程组 1-3
2024-01-08 13:54:16,280 WARN o.a.j.t.JMeterThread: Interrupting: 线程组 1-3 sampler: hiPost
2024-01-08 13:54:16,280 INFO o.a.j.t.JMeterThread: Stopping: 线程组 1-92
2024-01-08 13:54:16,280 WARN o.a.j.t.JMeterThread: Interrupting: 线程组 1-92 sampler: hiPost
2024-01-08 13:54:16,281 INFO o.a.j.t.JMeterThread: Stopping: 线程组 1-95
2024-01-08 13:54:16,281 WARN o.a.j.t.JMeterThread: Interrupting: 线程组 1-95 sampler: hiPost
2024-01-08 13:54:16,281 INFO o.a.j.t.JMeterThread: Thread finished: 线程组 1-92
2024-01-08 13:54:16,281 INFO o.a.j.t.JMeterThread: Thread finished: 线程组 1-3
2024-01-08 13:54:16,281 INFO o.a.j.t.JMeterThread: Thread finished: 线程组 1-47
2024-01-08 13:54:16,281 INFO o.a.j.t.JMeterThread: Stopping: 线程组 1-100
2024-01-08 13:54:16,281 WARN o.a.j.t.JMeterThread: Interrupting: 线程组 1-100 sampler: hiPost
2024-01-08 13:54:16,282 INFO o.a.j.t.JMeterThread: Thread finished: 线程组 1-95
2024-01-08 13:54:16,282 INFO o.a.j.t.JMeterThread: Stopping: 线程组 1-55
2024-01-08 13:54:16,282 WARN o.a.j.t.JMeterThread: Interrupting: 线程组 1-55 sampler: hiPost
2024-01-08 13:54:16,282 INFO o.a.j.t.JMeterThread: Thread finished: 线程组 1-100
2024-01-08 13:54:16,282 INFO o.a.j.t.JMeterThread: Stopping: 线程组 1-28
2024-01-08 13:54:16,282 WARN o.a.j.t.JMeterThread: Interrupting: 线程组 1-28 sampler: hiPost
2024-01-08 13:54:16,282 INFO o.a.j.t.JMeterThread: Thread finished: 线程组 1-55
2024-01-08 13:54:16,282 INFO o.a.j.t.JMeterThread: Stopping: 线程组 1-67
2024-01-08 13:54:16,282 WARN o.a.j.t.JMeterThread: Interrupting: 线程组 1-67 sampler: hiPost
2024-01-08 13:54:16,282 INFO o.a.j.t.JMeterThread: Stopping: 线程组 1-23
2024-01-08 13:54:16,282 WARN o.a.j.t.JMeterThread: Interrupting: 线程组 1-23 sampler: hiPost
2024-01-08 13:54:16,282 INFO o.a.j.t.JMeterThread: Thread finished: 线程组 1-28
2024-01-08 13:54:16,282 INFO o.a.j.t.JMeterThread: Stopping: 线程组 1-78
2024-01-08 13:54:16,282 WARN o.a.j.t.JMeterThread: Interrupting: 线程组 1-78 sampler: hiPost
2024-01-08 13:54:16,282 INFO o.a.j.t.JMeterThread: Thread finished: 线程组 1-67
2024-01-08 13:54:16,283 INFO o.a.j.t.JMeterThread: Stopping: 线程组 1-99
2024-01-08 13:54:16,283 INFO o.a.j.t.JMeterThread: Thread finished: 线程组 1-23
2024-01-08 13:54:16,283 WARN o.a.j.t.JMeterThread: Interrupting: 线程组 1-99 sampler: hiPost
2024-01-08 13:54:16,283 INFO o.a.j.t.JMeterThread: Stopping: 线程组 1-79
2024-01-08 13:54:16,283 INFO o.a.j.t.JMeterThread: Thread finished: 线程组 1-78
2024-01-08 13:54:16,283 WARN o.a.j.t.JMeterThread: Interrupting: 线程组 1-79 sampler: hiPost
2024-01-08 13:54:16,283 INFO o.a.j.t.JMeterThread: Thread finished: 线程组 1-99
2024-01-08 13:54:16,283 INFO o.a.j.t.JMeterThread: Stopping: 线程组 1-65
2024-01-08 13:54:16,283 WARN o.a.j.t.JMeterThread: Interrupting: 线程组 1-65 sampler: hiPost
2024-01-08 13:54:16,283 INFO o.a.j.t.JMeterThread: Thread is done: 线程组 1-79
2024-01-08 13:54:16,283 INFO o.a.j.t.JMeterThread: Thread finished: 线程组 1-79
2024-01-08 13:54:16,283 INFO o.a.j.t.JMeterThread: Stopping: 线程组 1-5
2024-01-08 13:54:16,283 WARN o.a.j.t.JMeterThread: Interrupting: 线程组 1-5 sampler: hiPost
2024-01-08 13:54:16,284 INFO o.a.j.t.JMeterThread: Stopping: 线程组 1-50
2024-01-08 13:54:16,284 WARN o.a.j.t.JMeterThread: Interrupting: 线程组 1-50 sampler: hiPost
2024-01-08 13:54:16,284 INFO o.a.j.t.JMeterThread: Thread finished: 线程组 1-65
2024-01-08 13:54:16,284 INFO o.a.j.t.JMeterThread: Thread finished: 线程组 1-5
2024-01-08 13:54:16,284 INFO o.a.j.t.JMeterThread: Stopping: 线程组 1-27
2024-01-08 13:54:16,284 WARN o.a.j.t.JMeterThread: Interrupting: 线程组 1-27 sampler: hiPost
2024-01-08 13:54:16,284 INFO o.a.j.t.JMeterThread: Stopping: 线程组 1-49
2024-01-08 13:54:16,284 WARN o.a.j.t.JMeterThread: Interrupting: 线程组 1-49 sampler: hiPost
2024-01-08 13:54:16,284 INFO o.a.j.t.JMeterThread: Thread finished: 线程组 1-50
2024-01-08 13:54:16,284 INFO o.a.j.t.JMeterThread: Thread finished: 线程组 1-27
2024-01-08 13:54:16,284 INFO o.a.j.t.JMeterThread: Stopping: 线程组 1-4
2024-01-08 13:54:16,285 INFO o.a.j.t.JMeterThread: Thread finished: 线程组 1-49
2024-01-08 13:54:16,285 WARN o.a.j.t.JMeterThread: Interrupting: 线程组 1-4 sampler: hiPost
2024-01-08 13:54:16,285 INFO o.a.j.t.JMeterThread: Stopping: 线程组 1-66
2024-01-08 13:54:16,285 WARN o.a.j.t.JMeterThread: Interrupting: 线程组 1-66 sampler: hiPost
2024-01-08 13:54:16,285 INFO o.a.j.t.JMeterThread: Stopping: 线程组 1-96
2024-01-08 13:54:16,285 WARN o.a.j.t.JMeterThread: Interrupting: 线程组 1-96 sampler: hiPost
2024-01-08 13:54:16,285 INFO o.a.j.t.JMeterThread: Thread finished: 线程组 1-4
2024-01-08 13:54:16,285 INFO o.a.j.t.JMeterThread: Thread finished: 线程组 1-66
2024-01-08 13:54:16,285 INFO o.a.j.t.JMeterThread: Stopping: 线程组 1-83
2024-01-08 13:54:16,285 WARN o.a.j.t.JMeterThread: Interrupting: 线程组 1-83 sampler: hiPost
2024-01-08 13:54:16,286 INFO o.a.j.t.JMeterThread: Stopping: 线程组 1-14
2024-01-08 13:54:16,286 WARN o.a.j.t.JMeterThread: Interrupting: 线程组 1-14 sampler: hiPost
2024-01-08 13:54:16,286 INFO o.a.j.t.JMeterThread: Thread finished: 线程组 1-96
2024-01-08 13:54:16,286 INFO o.a.j.t.JMeterThread: Stopping: 线程组 1-59
2024-01-08 13:54:16,286 WARN o.a.j.t.JMeterThread: Interrupting: 线程组 1-59 sampler: hiPost
2024-01-08 13:54:16,286 INFO o.a.j.t.JMeterThread: Thread finished: 线程组 1-14
2024-01-08 13:54:16,286 INFO o.a.j.t.JMeterThread: Thread finished: 线程组 1-83
2024-01-08 13:54:16,286 INFO o.a.j.t.JMeterThread: Stopping: 线程组 1-44
2024-01-08 13:54:16,286 INFO o.a.j.t.JMeterThread: Thread finished: 线程组 1-59
2024-01-08 13:54:16,286 WARN o.a.j.t.JMeterThread: Interrupting: 线程组 1-44 sampler: hiPost
2024-01-08 13:54:16,286 INFO o.a.j.t.JMeterThread: Stopping: 线程组 1-57
2024-01-08 13:54:16,286 WARN o.a.j.t.JMeterThread: Interrupting: 线程组 1-57 sampler: hiPost
2024-01-08 13:54:16,287 INFO o.a.j.t.JMeterThread: Stopping: 线程组 1-8
2024-01-08 13:54:16,287 WARN o.a.j.t.JMeterThread: Interrupting: 线程组 1-8 sampler: hiPost
2024-01-08 13:54:16,287 INFO o.a.j.t.JMeterThread: Stopping: 线程组 1-84
2024-01-08 13:54:16,287 INFO o.a.j.t.JMeterThread: Thread finished: 线程组 1-57
2024-01-08 13:54:16,287 WARN o.a.j.t.JMeterThread: Interrupting: 线程组 1-84 sampler: hiPost
2024-01-08 13:54:16,287 INFO o.a.j.t.JMeterThread: Thread finished: 线程组 1-8
2024-01-08 13:54:16,287 INFO o.a.j.t.JMeterThread: Thread finished: 线程组 1-44
2024-01-08 13:54:16,287 INFO o.a.j.t.JMeterThread: Stopping: 线程组 1-88
2024-01-08 13:54:16,287 WARN o.a.j.t.JMeterThread: Interrupting: 线程组 1-88 sampler: hiPost
2024-01-08 13:54:16,288 INFO o.a.j.t.JMeterThread: Thread finished: 线程组 1-84
2024-01-08 13:54:16,288 INFO o.a.j.t.JMeterThread: Stopping: 线程组 1-45
2024-01-08 13:54:16,288 WARN o.a.j.t.JMeterThread: Interrupting: 线程组 1-45 sampler: hiPost
2024-01-08 13:54:16,288 INFO o.a.j.t.JMeterThread: Stopping: 线程组 1-37
2024-01-08 13:54:16,288 WARN o.a.j.t.JMeterThread: Interrupting: 线程组 1-37 sampler: hiPost
2024-01-08 13:54:16,288 INFO o.a.j.t.JMeterThread: Thread finished: 线程组 1-88
2024-01-08 13:54:16,288 INFO o.a.j.t.JMeterThread: Thread finished: 线程组 1-45
2024-01-08 13:54:16,288 INFO o.a.j.t.JMeterThread: Stopping: 线程组 1-31
2024-01-08 13:54:16,288 WARN o.a.j.t.JMeterThread: Interrupting: 线程组 1-31 sampler: hiPost
2024-01-08 13:54:16,288 INFO o.a.j.t.JMeterThread: Stopping: 线程组 1-22
2024-01-08 13:54:16,289 WARN o.a.j.t.JMeterThread: Interrupting: 线程组 1-22 sampler: hiPost
2024-01-08 13:54:16,289 INFO o.a.j.t.JMeterThread: Thread finished: 线程组 1-37
2024-01-08 13:54:16,289 INFO o.a.j.t.JMeterThread: Thread finished: 线程组 1-31
2024-01-08 13:54:16,289 INFO o.a.j.t.JMeterThread: Stopping: 线程组 1-76
2024-01-08 13:54:16,289 WARN o.a.j.t.JMeterThread: Interrupting: 线程组 1-76 sampler: hiPost
2024-01-08 13:54:16,289 INFO o.a.j.t.JMeterThread: Stopping: 线程组 1-82
2024-01-08 13:54:16,289 INFO o.a.j.t.JMeterThread: Thread finished: 线程组 1-22
2024-01-08 13:54:16,289 WARN o.a.j.t.JMeterThread: Interrupting: 线程组 1-82 sampler: hiPost
2024-01-08 13:54:16,289 INFO o.a.j.t.JMeterThread: Stopping: 线程组 1-41
2024-01-08 13:54:16,289 WARN o.a.j.t.JMeterThread: Interrupting: 线程组 1-41 sampler: hiPost
2024-01-08 13:54:16,289 INFO o.a.j.t.JMeterThread: Thread finished: 线程组 1-76
2024-01-08 13:54:16,290 INFO o.a.j.t.JMeterThread: Thread finished: 线程组 1-82
2024-01-08 13:54:16,290 INFO o.a.j.t.JMeterThread: Stopping: 线程组 1-48
2024-01-08 13:54:16,290 WARN o.a.j.t.JMeterThread: Interrupting: 线程组 1-48 sampler: hiPost
2024-01-08 13:54:16,290 INFO o.a.j.t.JMeterThread: Stopping: 线程组 1-21
2024-01-08 13:54:16,290 WARN o.a.j.t.JMeterThread: Interrupting: 线程组 1-21 sampler: hiPost
2024-01-08 13:54:16,290 INFO o.a.j.t.JMeterThread: Thread finished: 线程组 1-41
2024-01-08 13:54:16,290 INFO o.a.j.t.JMeterThread: Stopping: 线程组 1-56
2024-01-08 13:54:16,290 INFO o.a.j.t.JMeterThread: Thread finished: 线程组 1-48
2024-01-08 13:54:16,290 INFO o.a.j.t.JMeterThread: Thread finished: 线程组 1-21
2024-01-08 13:54:16,290 WARN o.a.j.t.JMeterThread: Interrupting: 线程组 1-56 sampler: hiPost
2024-01-08 13:54:16,291 INFO o.a.j.t.JMeterThread: Stopping: 线程组 1-91
2024-01-08 13:54:16,291 WARN o.a.j.t.JMeterThread: Interrupting: 线程组 1-91 sampler: hiPost
2024-01-08 13:54:16,291 INFO o.a.j.t.JMeterThread: Thread finished: 线程组 1-56
2024-01-08 13:54:16,291 INFO o.a.j.t.JMeterThread: Stopping: 线程组 1-64
2024-01-08 13:54:16,291 WARN o.a.j.t.JMeterThread: Interrupting: 线程组 1-64 sampler: hiPost
2024-01-08 13:54:16,291 INFO o.a.j.t.JMeterThread: Stopping: 线程组 1-81
2024-01-08 13:54:16,291 WARN o.a.j.t.JMeterThread: Interrupting: 线程组 1-81 sampler: hiPost
2024-01-08 13:54:16,292 INFO o.a.j.t.JMeterThread: Thread finished: 线程组 1-91
2024-01-08 13:54:16,292 INFO o.a.j.t.JMeterThread: Thread finished: 线程组 1-64
2024-01-08 13:54:16,292 INFO o.a.j.t.JMeterThread: Stopping: 线程组 1-24
2024-01-08 13:54:16,292 WARN o.a.j.t.JMeterThread: Interrupting: 线程组 1-24 sampler: hiPost
2024-01-08 13:54:16,292 INFO o.a.j.t.JMeterThread: Thread finished: 线程组 1-81
2024-01-08 13:54:16,292 INFO o.a.j.t.JMeterThread: Stopping: 线程组 1-97
2024-01-08 13:54:16,292 WARN o.a.j.t.JMeterThread: Interrupting: 线程组 1-97 sampler: hiPost
2024-01-08 13:54:16,293 INFO o.a.j.t.JMeterThread: Stopping: 线程组 1-15
2024-01-08 13:54:16,293 INFO o.a.j.t.JMeterThread: Thread finished: 线程组 1-24
2024-01-08 13:54:16,293 WARN o.a.j.t.JMeterThread: Interrupting: 线程组 1-15 sampler: hiPost
2024-01-08 13:54:16,293 INFO o.a.j.t.JMeterThread: Thread finished: 线程组 1-97
2024-01-08 13:54:16,293 INFO o.a.j.t.JMeterThread: Stopping: 线程组 1-72
2024-01-08 13:54:16,293 WARN o.a.j.t.JMeterThread: Interrupting: 线程组 1-72 sampler: hiPost
2024-01-08 13:54:16,293 INFO o.a.j.t.JMeterThread: Stopping: 线程组 1-62
2024-01-08 13:54:16,293 WARN o.a.j.t.JMeterThread: Interrupting: 线程组 1-62 sampler: hiPost
2024-01-08 13:54:16,293 INFO o.a.j.t.JMeterThread: Thread finished: 线程组 1-15
2024-01-08 13:54:16,294 INFO o.a.j.t.JMeterThread: Thread finished: 线程组 1-72
2024-01-08 13:54:16,294 INFO o.a.j.t.JMeterThread: Stopping: 线程组 1-69
2024-01-08 13:54:16,294 WARN o.a.j.t.JMeterThread: Interrupting: 线程组 1-69 sampler: hiPost
2024-01-08 13:54:16,294 INFO o.a.j.t.JMeterThread: Thread finished: 线程组 1-62
2024-01-08 13:54:16,295 INFO o.a.j.t.JMeterThread: Stopping: 线程组 1-30
2024-01-08 13:54:16,295 WARN o.a.j.t.JMeterThread: Interrupting: 线程组 1-30 sampler: hiPost
2024-01-08 13:54:16,295 INFO o.a.j.t.JMeterThread: Thread finished: 线程组 1-69
2024-01-08 13:54:16,295 INFO o.a.j.t.JMeterThread: Stopping: 线程组 1-29
2024-01-08 13:54:16,295 WARN o.a.j.t.JMeterThread: Interrupting: 线程组 1-29 sampler: hiPost
2024-01-08 13:54:16,296 INFO o.a.j.t.JMeterThread: Thread finished: 线程组 1-30
2024-01-08 13:54:16,296 INFO o.a.j.t.JMeterThread: Stopping: 线程组 1-18
2024-01-08 13:54:16,296 WARN o.a.j.t.JMeterThread: Interrupting: 线程组 1-18 sampler: hiPost
2024-01-08 13:54:16,296 INFO o.a.j.t.JMeterThread: Thread finished: 线程组 1-29
2024-01-08 13:54:16,296 INFO o.a.j.t.JMeterThread: Stopping: 线程组 1-77
2024-01-08 13:54:16,296 WARN o.a.j.t.JMeterThread: Interrupting: 线程组 1-77 sampler: hiPost
2024-01-08 13:54:16,297 INFO o.a.j.t.JMeterThread: Thread finished: 线程组 1-18
2024-01-08 13:54:16,298 INFO o.a.j.t.JMeterThread: Stopping: 线程组 1-60
2024-01-08 13:54:16,298 WARN o.a.j.t.JMeterThread: Interrupting: 线程组 1-60 sampler: hiPost
2024-01-08 13:54:16,298 INFO o.a.j.t.JMeterThread: Thread finished: 线程组 1-77
2024-01-08 13:54:16,299 INFO o.a.j.t.JMeterThread: Stopping: 线程组 1-71
2024-01-08 13:54:16,299 WARN o.a.j.t.JMeterThread: Interrupting: 线程组 1-71 sampler: hiPost
2024-01-08 13:54:16,299 INFO o.a.j.t.JMeterThread: Thread finished: 线程组 1-60
2024-01-08 13:54:16,299 INFO o.a.j.t.JMeterThread: Stopping: 线程组 1-85
2024-01-08 13:54:16,299 WARN o.a.j.t.JMeterThread: Interrupting: 线程组 1-85 sampler: hiPost
2024-01-08 13:54:16,299 INFO o.a.j.t.JMeterThread: Thread finished: 线程组 1-71
2024-01-08 13:54:16,300 INFO o.a.j.t.JMeterThread: Stopping: 线程组 1-75
2024-01-08 13:54:16,300 WARN o.a.j.t.JMeterThread: Interrupting: 线程组 1-75 sampler: hiPost
2024-01-08 13:54:16,301 INFO o.a.j.t.JMeterThread: Thread finished: 线程组 1-85
2024-01-08 13:54:16,301 INFO o.a.j.t.JMeterThread: Stopping: 线程组 1-13
2024-01-08 13:54:16,301 WARN o.a.j.t.JMeterThread: Interrupting: 线程组 1-13 sampler: hiPost
2024-01-08 13:54:16,302 INFO o.a.j.t.JMeterThread: Thread finished: 线程组 1-13
2024-01-08 13:54:16,302 INFO o.a.j.t.JMeterThread: Thread finished: 线程组 1-75
2024-01-08 13:54:16,302 INFO o.a.j.e.StandardJMeterEngine: Notifying test listeners of end of test
2024-01-08 13:54:16,302 INFO o.a.j.g.u.JMeterMenuBar: setRunning(false, *local*)
